[2024-12-11 23:32:53] Starting in daemon mode...
[2024-12-11 23:32:53] Ethernet interfaces is not configured
[2024-12-11 23:33:15] Starting in daemon mode...
[2024-12-11 23:33:15] Ethernet interfaces is not configured
[2024-12-11 23:37:35] Starting in daemon mode...
[2024-12-11 23:37:35] Ethernet interfaces is not configured
[33mEthernet interfaces is not configured[0m
[2024-12-11 23:37:35] Generating CycloneDDS configuration at /home/oguzkaganozt/codebase/autoware_snapshots/docker/scripts/cyclonedds.xml
[0mGenerating CycloneDDS configuration at /home/oguzkaganozt/codebase/autoware_snapshots/docker/scripts/cyclonedds.xml[0m
[2024-12-11 23:37:35] Publishing avahi service...
[0mPublishing avahi service...[0m
[2024-12-11 23:37:35] Discovering avahi services...
[0mDiscovering avahi services...[0m
Established under name 'server-babangida'
[2024-12-11 23:37:38] Adding new interface to CycloneDDS: enx5642da90525c
[0mAdding new interface to CycloneDDS: enx5642da90525c[0m
[2024-12-11 23:37:38] Adding new node agent with address 192.168.55.1 to CycloneDDS
[0mAdding new node agent with address 192.168.55.1 to CycloneDDS[0m
Got SIGTERM, quitting.
[2024-12-11 23:39:04] Starting in daemon mode...
[2024-12-11 23:39:04] Ethernet interfaces is not configured
[2024-12-11 23:39:04] Generating CycloneDDS configuration at /home/oguzkaganozt/codebase/autoware_snapshots/docker/scripts/cyclonedds.xml
[2024-12-11 23:39:04] Publishing avahi service...
[2024-12-11 23:39:04] Discovering avahi services...
[2024-12-11 23:39:05] Adding new interface to CycloneDDS: enx5642da90525c
[2024-12-11 23:39:05] Adding new node agent with address 192.168.55.1 to CycloneDDS
[2024-12-11 23:39:38] Adding new interface to CycloneDDS: wlp2s0
[2024-12-11 23:44:12] Starting in daemon mode...
[2024-12-11 23:44:12] Ethernet interfaces is not configured
[2024-12-11 23:44:12] Generating CycloneDDS configuration at /home/oguzkaganozt/codebase/autoware_snapshots/docker/scripts/cyclonedds.xml
[2024-12-11 23:44:12] Publishing avahi service...
[2024-12-11 23:44:12] Discovering avahi services...
[2024-12-11 23:44:13] Adding new interface to CycloneDDS: enx5642da90525c
[2024-12-11 23:44:13] Adding new node agent with address 192.168.55.1 to CycloneDDS
