[2024-12-05 12:51:18] Checking dependencies...
[2024-12-05 12:51:18] OK
[2024-12-05 12:51:18] Ensuring directories...
[2024-12-05 12:51:18] OK
[2024-12-05 12:51:18] Stopping NetworkManager...
[2024-12-05 12:51:18] OK
[2024-12-05 12:51:18] Generating configuration...
[2024-12-05 12:51:18] Found WiFi interface: wlp2s0
[2024-12-05 12:51:18] Generated network configuration:
[2024-12-05 12:51:18]     network:
      version: 2
      wifis:
        wlp2s0:
          dhcp4: true
          addresses:
            - 10.0.0.99/24
          optional: true
[2024-12-05 12:51:18] Applying configuration...
[2024-12-05 12:51:19] Configuration failed
[2024-12-05 12:51:19] Failed to configure network..
[2024-12-05 12:51:19] Restarting NetworkManager...
[2024-12-05 12:54:46] Checking dependencies...
[2024-12-05 12:54:46] OK
[2024-12-05 12:54:46] Ensuring directories...
[2024-12-05 12:54:46] OK
[2024-12-05 12:54:46] Stopping NetworkManager...
[2024-12-05 12:54:46] OK
[2024-12-05 12:54:46] Generating configuration...
[2024-12-05 12:54:46] Found WiFi interface: wlp2s0
[2024-12-05 12:54:46] Generated network configuration:
[2024-12-05 12:54:46]     network:
      version: 2
      wifis:
        wlp2s0:
          dhcp4: false
          addresses:
            - 10.0.0.99/24
          optional: true
[2024-12-05 12:54:46] Applying configuration...
[2024-12-05 12:54:46] Configuration failed
[2024-12-05 12:54:46] Failed to configure network..
[2024-12-05 12:54:46] Restarting NetworkManager...
[2024-12-05 12:56:49] Checking dependencies...
[2024-12-05 12:56:49] OK
[2024-12-05 12:56:49] Ensuring directories...
[2024-12-05 12:56:49] OK
[2024-12-05 12:56:49] Stopping NetworkManager...
[2024-12-05 12:56:49] OK
[2024-12-05 12:56:49] Generating configuration...
[2024-12-05 12:56:49] Found WiFi interface: wlp2s0
[2024-12-05 12:56:49] Generated network configuration:
[2024-12-05 12:56:49]     network:
      version: 2
      wifis:
      renderer: networkd
        wlp2s0:
          dhcp4: false
          addresses:
            - 10.0.0.99/24
          optional: true
[2024-12-05 12:56:49] Applying configuration...
[2024-12-05 12:56:49] Configuration failed
[2024-12-05 12:56:49] Failed to configure network..
[2024-12-05 12:56:49] Restarting NetworkManager...
[2024-12-05 12:58:23] Checking dependencies...
[2024-12-05 12:58:23] OK
[2024-12-05 12:58:23] Ensuring directories...
[2024-12-05 12:58:23] OK
[2024-12-05 12:58:23] Stopping NetworkManager...
[2024-12-05 12:58:23] OK
[2024-12-05 12:58:23] Generating configuration...
[2024-12-05 12:58:23] Found WiFi interface: wlp2s0
[2024-12-05 12:58:23] Generated network configuration:
[2024-12-05 12:58:23]     network:
      version: 2
      wifis:
        wlp2s0:
          dhcp4: false
          addresses:
            - 10.0.0.99/24
          optional: true
[2024-12-05 12:58:23] Applying configuration...
[2024-12-05 12:58:23] Configuration failed
[2024-12-05 12:58:23] Failed to configure network..
[2024-12-05 12:58:23] Restarting NetworkManager...
[2024-12-05 13:01:24] Checking dependencies...
[2024-12-05 13:01:24] OK
[2024-12-05 13:01:24] Ensuring directories...
[2024-12-05 13:01:24] OK
[2024-12-05 13:01:24] Stopping NetworkManager...
[2024-12-05 13:01:24] OK
[2024-12-05 13:01:24] Generating configuration...
[2024-12-05 13:01:24] Found WiFi interface: wlp2s0
[2024-12-05 13:01:24] Generated network configuration:
[2024-12-05 13:01:24]     network:
      version: 2
      wifis:
        wlp2s0:
          dhcp4: true
          dhcp6: true
          addresses:
            - 10.0.0.99/24
          optional: true  renderer: NetworkManager
    
[2024-12-05 13:01:24] Applying configuration...
[2024-12-05 13:01:24] Configuration failed
[2024-12-05 13:01:24] Failed to configure network..
[2024-12-05 13:01:24] Restarting NetworkManager...
[2024-12-05 13:01:39] Checking dependencies...
[2024-12-05 13:01:39] OK
[2024-12-05 13:01:39] Ensuring directories...
[2024-12-05 13:01:39] OK
[2024-12-05 13:01:39] Stopping NetworkManager...
[2024-12-05 13:01:39] OK
[2024-12-05 13:01:39] Generating configuration...
[2024-12-05 13:01:39] Found WiFi interface: wlp2s0
[2024-12-05 13:01:39] Generated network configuration:
[2024-12-05 13:01:39]     network:
      version: 2
      wifis:
        wlp2s0:
          dhcp4: true
          dhcp6: true
          addresses:
            - 10.0.0.99/24
          optional: true  
    renderer: NetworkManager
    
[2024-12-05 13:01:39] Applying configuration...
[2024-12-05 13:01:39] Configuration failed
[2024-12-05 13:01:39] Failed to configure network..
[2024-12-05 13:01:39] Restarting NetworkManager...
[2024-12-05 13:14:03] Checking dependencies...
[2024-12-05 13:14:03] OK
[2024-12-05 13:14:03] Ensuring directories...
[2024-12-05 13:14:03] OK
[2024-12-05 13:14:03] Stopping NetworkManager...
[2024-12-05 13:14:03] OK
[2024-12-05 13:14:03] Generating configuration...
[2024-12-05 13:14:03] Found WiFi interface: wlp2s0
[2024-12-05 13:14:03] Generated network configuration:
[2024-12-05 13:14:03]     network:
      version: 2
      wifis:
        wlp2s0:
          dhcp4: true
          dhcp6: true
          addresses:
            - 10.0.0.99/24
          access-points:
            wireless-client:
              mode: infrastructure
            wifi-direct:
              mode: ad-hoc
          optional: true  
    renderer: NetworkManager
    
[2024-12-05 13:14:03] Applying configuration...
[2024-12-05 13:14:03] Configuration failed
[2024-12-05 13:14:03] Failed to configure network..
[2024-12-05 13:14:03] Restarting NetworkManager...
[2024-12-05 13:14:33] Checking dependencies...
[2024-12-05 13:14:33] OK
[2024-12-05 13:14:33] Ensuring directories...
[2024-12-05 13:14:33] OK
[2024-12-05 13:14:33] Stopping NetworkManager...
[2024-12-05 13:14:33] OK
[2024-12-05 13:14:33] Generating configuration...
[2024-12-05 13:14:33] Found WiFi interface: wlp2s0
[2024-12-05 13:14:33] Generated network configuration:
[2024-12-05 13:14:33]     network:
      version: 2
      wifis:
        wlp2s0:
          dhcp4: true
          dhcp6: true
          addresses:
            - 10.0.0.99/24
          access-points:
            wireless-client:
              mode: infrastructure
            wifi-direct:
              mode: adhoc
          optional: true  
    renderer: NetworkManager
    
[2024-12-05 13:14:33] Applying configuration...
[2024-12-05 13:14:34] Configuration failed
[2024-12-05 13:14:34] Failed to configure network..
[2024-12-05 13:14:34] Restarting NetworkManager...
[2024-12-05 13:16:49] Checking dependencies...
[2024-12-05 13:16:49] OK
[2024-12-05 13:16:49] Ensuring directories...
[2024-12-05 13:16:49] OK
[2024-12-05 13:16:49] Stopping NetworkManager...
[2024-12-05 13:16:49] OK
[2024-12-05 13:16:49] Generating configuration...
[2024-12-05 13:16:49] Found WiFi interface: wlp2s0
[2024-12-05 13:16:49] Generated network configuration:
[2024-12-05 13:16:49]     network:
      renderer: NetworkManager
      wifis:
        wlp2s0:
          dhcp4: true
          dhcp6: true
          addresses:
            - 10.0.0.99/24
          access-points:
            wireless-client:
              mode: infrastructure
            wifi-direct:
              mode: adhoc
          optional: true
[2024-12-05 13:16:49] Applying configuration...
[2024-12-05 13:18:04] Lock file exists, another instance is running ?
[2024-12-05 13:18:14] Checking dependencies...
[2024-12-05 13:18:14] OK
[2024-12-05 13:18:14] Ensuring directories...
[2024-12-05 13:18:14] OK
[2024-12-05 13:18:14] Stopping NetworkManager...
[2024-12-05 13:18:15] OK
[2024-12-05 13:18:15] Generating configuration...
[2024-12-05 13:18:15] Found WiFi interface: wlp2s0
[2024-12-05 13:18:15] Generated network configuration:
[2024-12-05 13:18:15]     network:
      renderer: NetworkManager
      wifis:
        wlp2s0:
          dhcp4: true
          dhcp6: true
          addresses:
            - 10.0.0.99/24
          access-points:
            wireless-client:
              mode: infrastructure
            wifi-direct:
              mode: adhoc
          optional: true
[2024-12-05 13:18:15] Applying configuration...
[2024-12-05 13:21:30] Checking dependencies...
[2024-12-05 13:21:30] OK
[2024-12-05 13:21:30] Ensuring directories...
[2024-12-05 13:21:30] OK
[2024-12-05 13:21:30] Stopping NetworkManager...
[2024-12-05 13:21:31] OK
[2024-12-05 13:21:31] Generating configuration...
[2024-12-05 13:21:31] Found WiFi interface: wlp2s0
[2024-12-05 13:21:31] Generated network configuration:
[2024-12-05 13:21:31]     network:
      renderer: NetworkManager
      wifis:
        wlp2s0:
          dhcp4: true
          dhcp6: true
          addresses:
            - 10.0.0.99/24
          access-points:
            wireless-client:
              mode: infrastructure
            wifi-direct:
              mode: adhoc
          optional: true
[2024-12-05 13:21:31] Applying configuration...
[2024-12-05 13:22:31] Configuration failed
[2024-12-05 13:22:31] Failed to configure network..
[2024-12-05 13:22:31] Restarting NetworkManager...
[2024-12-05 13:22:44] Checking dependencies...
[2024-12-05 13:22:44] OK
[2024-12-05 13:22:44] Ensuring directories...
[2024-12-05 13:22:44] OK
[2024-12-05 13:22:44] Stopping NetworkManager...
[2024-12-05 13:22:44] OK
[2024-12-05 13:22:44] Generating configuration...
[2024-12-05 13:22:44] Found WiFi interface: wlp2s0
[2024-12-05 13:22:44] Generated network configuration:
[2024-12-05 13:22:44]     network:
      renderer: NetworkManager
      wifis:
        wlp2s0:
          dhcp4: true
          dhcp6: true
          addresses:
            - 10.0.0.99/24
          access-points:
            wireless-client:
              mode: infrastructure
            wifi-direct:
              mode: adhoc
          optional: true
[2024-12-05 13:22:44] Applying configuration...
[2024-12-05 13:23:44] Failed to configure network..
[2024-12-05 13:23:44] Restarting NetworkManager...
[2024-12-05 13:24:20] Checking dependencies...
[2024-12-05 13:24:20] OK
[2024-12-05 13:24:20] Ensuring directories...
[2024-12-05 13:24:20] OK
[2024-12-05 13:24:20] Stopping NetworkManager...
[2024-12-05 13:24:20] OK
[2024-12-05 13:24:20] Generating configuration...
[2024-12-05 13:24:20] Found WiFi interface: wlp2s0
[2024-12-05 13:24:20] Generated network configuration:
[2024-12-05 13:24:20]     network:
      renderer: NetworkManager
      wifis:
        wlp2s0:
          dhcp4: true
          dhcp6: true
          addresses:
            - 10.0.0.99/24
          access-points:
            wireless-client:
              mode: infrastructure
            wifi-direct:
              mode: adhoc
          optional: true
[2024-12-05 13:24:20] Applying configuration...
[2024-12-05 13:24:21] Network configuration successfully applied
[2024-12-05 13:24:21] Success..
[2024-12-05 13:24:21] Restarting NetworkManager...
[2024-12-05 13:31:03] Checking dependencies...
[2024-12-05 13:31:03] OK
[2024-12-05 13:31:03] Backing up netplan configuration...
[2024-12-05 13:31:03] OK
[2024-12-05 13:31:03] Ensuring directories...
[2024-12-05 13:31:03] OK
[2024-12-05 13:31:03] Stopping NetworkManager...
[2024-12-05 13:31:04] OK
[2024-12-05 13:31:04] Generating configuration...
[2024-12-05 13:31:04] Found WiFi interface: wlp2s0
[2024-12-05 13:31:04] Generated network configuration:
[2024-12-05 13:31:04]     network:
      renderer: NetworkManager
      wifis:
        wlp2s0:
          dhcp4: true
          dhcp6: true
          addresses:
            - 10.0.0.99/24
          access-points:
            wireless-client:
              mode: infrastructure
            wifi-direct:
              mode: adhoc
          optional: true
[2024-12-05 13:31:04] Applying configuration...
[2024-12-05 13:31:04] Network configuration successfully applied
[2024-12-05 13:31:04] Failed to configure network..
[2024-12-05 13:31:05] Restarting NetworkManager...
[2024-12-05 13:31:38] Checking dependencies...
[2024-12-05 13:31:38] OK
[2024-12-05 13:31:38] Backing up netplan configuration...
[2024-12-05 13:31:38] OK
[2024-12-05 13:31:38] Ensuring directories...
[2024-12-05 13:31:38] OK
[2024-12-05 13:31:38] Stopping NetworkManager...
[2024-12-05 13:31:38] OK
[2024-12-05 13:31:38] Generating configuration...
[2024-12-05 13:31:38] Found WiFi interface: wlp2s0
[2024-12-05 13:31:38] Generated network configuration:
[2024-12-05 13:31:38]     network:
      renderer: NetworkManager
      wifis:
        wlp2s0:
          dhcp4: true
          dhcp6: true
          addresses:
            - 10.0.0.99/24
          access-points:
            wireless-client:
              mode: infrastructure
            wifi-direct:
              mode: adhoc
          optional: true
[2024-12-05 13:31:38] Applying configuration...
[2024-12-05 13:31:39] Network configuration successfully applied
[2024-12-05 13:31:39] Failed to configure network..
[2024-12-05 13:31:39] Restoring network configuration...
[2024-12-05 13:31:40] Restarting NetworkManager...
[2024-12-05 13:31:59] Checking dependencies...
[2024-12-05 13:31:59] OK
[2024-12-05 13:31:59] Backing up netplan configuration...
[2024-12-05 13:31:59] OK
[2024-12-05 13:31:59] Ensuring directories...
[2024-12-05 13:31:59] OK
[2024-12-05 13:31:59] Stopping NetworkManager...
[2024-12-05 13:31:59] OK
[2024-12-05 13:31:59] Generating configuration...
[2024-12-05 13:31:59] Found WiFi interface: wlp2s0
[2024-12-05 13:31:59] Generated network configuration:
[2024-12-05 13:31:59]     network:
      renderer: NetworkManager
      wifis:
        wlp2s0:
          dhcp4: true
          dhcp6: true
          addresses:
            - 10.0.0.99/24
          access-points:
            wireless-client:
              mode: infrastructure
            wifi-direct:
              mode: adhoc
          optional: true
[2024-12-05 13:31:59] Applying configuration...
[2024-12-05 13:31:59] Network configuration successfully applied
[2024-12-05 13:31:59] Failed to configure network..
[2024-12-05 13:31:59] Restoring network configuration...
[2024-12-05 13:32:09] Restarting NetworkManager...
[2024-12-05 13:33:50] Checking dependencies...
[2024-12-05 13:33:50] OK
[2024-12-05 13:33:50] Backing up netplan configuration...
[2024-12-05 13:33:50] OK
[2024-12-05 13:33:50] Ensuring directories...
[2024-12-05 13:33:50] OK
[2024-12-05 13:33:50] Stopping NetworkManager...
[2024-12-05 13:33:50] OK
[2024-12-05 13:33:50] Generating configuration...
[2024-12-05 13:33:50] Found WiFi interface: wlp2s0
[2024-12-05 13:33:50] Generated network configuration:
[2024-12-05 13:33:50]     network:
      renderer: NetworkManager
      wifis:
        wlp2s0:
          dhcp4: true
          dhcp6: true
          addresses:
            - 10.0.0.99/24
          access-points:
            wireless-client:
              mode: infrastructure
            wifi-direct:
              mode: adhoc
          optional: true
[2024-12-05 13:33:50] Applying configuration...
[2024-12-05 13:33:51] Network configuration successfully applied
[2024-12-05 13:33:51] Success..
[2024-12-05 13:33:51] Restarting NetworkManager...
[2024-12-05 13:34:41] Checking dependencies...
[2024-12-05 13:34:41] OK
[2024-12-05 13:34:41] Backing up netplan configuration...
[2024-12-05 13:34:41] OK
[2024-12-05 13:34:41] Ensuring directories...
[2024-12-05 13:34:41] OK
[2024-12-05 13:34:41] Stopping NetworkManager...
[2024-12-05 13:34:41] OK
[2024-12-05 13:34:41] Generating configuration...
[2024-12-05 13:34:41] Found WiFi interface: wlp2s0
[2024-12-05 13:34:41] Generated network configuration:
[2024-12-05 13:34:41]     network:
      renderer: NetworkManager
      wifis:
        wlp2s0:
          dhcp4: true
          dhcp6: true
          addresses:
            - 10.0.0.99/24
          access-points:
            wireless-client:
              mode: infrastructure
            wifi-direct:
              mode: adhoc
          optional: true
[2024-12-05 13:34:41] Applying configuration...
[2024-12-05 13:34:42] Network configuration successfully applied
[2024-12-05 13:34:42] Success..
[2024-12-05 13:34:42] Restarting NetworkManager...
[2024-12-05 13:42:53] Checking dependencies...
[2024-12-05 13:42:53] OK
[2024-12-05 13:42:53] Backing up netplan configuration...
[2024-12-05 13:42:53] OK
[2024-12-05 13:42:53] Ensuring directories...
[2024-12-05 13:42:53] OK
[2024-12-05 13:42:53] Stopping NetworkManager...
[2024-12-05 13:42:53] OK
[2024-12-05 13:42:53] Generating configuration...
[2024-12-05 13:42:53] Found WiFi interface: wlp2s0
[2024-12-05 13:42:53] Generated network configuration:
[2024-12-05 13:42:53]     network:
      renderer: NetworkManager
      wifis:
        wlp2s0:
          dhcp4: true
          dhcp6: true
          addresses:
            - 10.0.0.99/24
          access-points:
            wireless-client:
              mode: infrastructure
              band: 2.4GHz
              channel: 1
            wifi-direct:
              mode: adhoc
              band: 2.4GHz
              channel: 2
          optional: true
[2024-12-05 13:42:53] Applying configuration...
[2024-12-05 13:42:54] Network configuration successfully applied
[2024-12-05 13:42:54] Success..
[2024-12-05 13:42:54] Restarting NetworkManager...
[2024-12-05 13:46:31] Checking dependencies...
[2024-12-05 13:46:31] OK
[2024-12-05 13:46:31] Backing up netplan configuration...
[2024-12-05 13:46:31] OK
[2024-12-05 13:46:31] Ensuring directories...
[2024-12-05 13:46:31] OK
[2024-12-05 13:46:31] Stopping NetworkManager...
[2024-12-05 13:46:31] OK
[2024-12-05 13:46:31] Generating configuration...
[2024-12-05 13:46:31] Found WiFi interface: wlp2s0
[2024-12-05 13:46:31] Generated network configuration:
[2024-12-05 13:46:31]     network:
      renderer: NetworkManager
      wifis:
        wlp2s0:
          dhcp4: true
          dhcp6: true
          addresses:
            - 10.0.0.99/24
          access-points:
            wifi-direct:
              mode: adhoc
              band: 2.4GHz
              channel: 2
          optional: true
[2024-12-05 13:46:31] Applying configuration...
[2024-12-05 13:46:32] Network configuration successfully applied
[2024-12-05 13:46:32] Success..
[2024-12-05 13:46:32] Restarting NetworkManager...
[2024-12-05 13:47:20] Checking dependencies...
[2024-12-05 13:47:20] OK
[2024-12-05 13:47:20] Backing up netplan configuration...
[2024-12-05 13:47:20] OK
[2024-12-05 13:47:20] Ensuring directories...
[2024-12-05 13:47:20] OK
[2024-12-05 13:47:20] Stopping NetworkManager...
[2024-12-05 13:47:20] OK
[2024-12-05 13:47:20] Generating configuration...
[2024-12-05 13:47:20] Found WiFi interface: wlp2s0
[2024-12-05 13:47:20] Generated network configuration:
[2024-12-05 13:47:20]     network:
      renderer: NetworkManager
      wifis:
        wlp2s0:
          addresses:
            - 10.0.0.99/24
          access-points:
            wifi-direct:
              mode: adhoc
              band: 2.4GHz
              channel: 2
          optional: true
[2024-12-05 13:47:20] Applying configuration...
[2024-12-05 13:47:21] Network configuration successfully applied
[2024-12-05 13:47:21] Success..
[2024-12-05 13:47:21] Restarting NetworkManager...
[2024-12-05 13:47:53] Checking dependencies...
[2024-12-05 13:47:53] OK
[2024-12-05 13:47:53] Backing up netplan configuration...
[2024-12-05 13:47:54] OK
[2024-12-05 13:47:54] Ensuring directories...
[2024-12-05 13:47:54] OK
[2024-12-05 13:47:54] Stopping NetworkManager...
[2024-12-05 13:47:54] OK
[2024-12-05 13:47:54] Generating configuration...
[2024-12-05 13:47:54] Found WiFi interface: wlp2s0
[2024-12-05 13:47:54] Generated network configuration:
[2024-12-05 13:47:54]     network:
      renderer: NetworkManager
      wifis:
        wlp2s0:
          addresses:
            - 10.0.0.99/24
          access-points:
            wifi-direct:
              mode: adsdhoc
              band: 2.4GHz
              channel: 2
          optional: true
[2024-12-05 13:47:54] Applying configuration...
[2024-12-05 13:47:54] Configuration failed
[2024-12-05 13:47:54] Failed to configure network..
[2024-12-05 13:47:54] Restoring network configuration...
[2024-12-05 13:47:54] Restarting NetworkManager...
[2024-12-05 13:48:02] Checking dependencies...
[2024-12-05 13:48:02] OK
[2024-12-05 13:48:02] Backing up netplan configuration...
[2024-12-05 13:48:02] OK
[2024-12-05 13:48:02] Ensuring directories...
[2024-12-05 13:48:02] OK
[2024-12-05 13:48:02] Stopping NetworkManager...
[2024-12-05 13:48:02] OK
[2024-12-05 13:48:02] Generating configuration...
[2024-12-05 13:48:02] Found WiFi interface: wlp2s0
[2024-12-05 13:48:02] Generated network configuration:
[2024-12-05 13:48:02]     network:
      renderer: NetworkManager
      wifis:
        wlp2s0:
          addresses:
            - 10.0.0.99/24
          access-points:
            wifi-direct:
              mode: adhoc
              band: 2.4GHz
              channel: 2
          optional: true
[2024-12-05 13:48:02] Applying configuration...
[2024-12-05 13:48:02] Network configuration successfully applied
[2024-12-05 13:48:02] Success..
[2024-12-05 13:48:02] Restarting NetworkManager...
[2024-12-05 13:56:50] Checking dependencies...
[2024-12-05 13:56:50] OK
[2024-12-05 13:56:50] Backing up netplan configuration...
[2024-12-05 13:56:50] OK
[2024-12-05 13:56:50] Ensuring directories...
[2024-12-05 13:56:50] OK
[2024-12-05 13:56:50] Stopping NetworkManager...
[2024-12-05 13:56:51] OK
[2024-12-05 13:56:51] Generating configuration...
[2024-12-05 13:56:51] Found WiFi interface: wlp2s0
[2024-12-05 13:56:51] Generated network configuration:
[2024-12-05 13:56:51]     network:
      renderer: NetworkManager
      wifis:
        wlp2s0:
          addresses:
            - 10.0.0.99/24
          access-points:
            wifi-direct:
              mode: adhoc
              band: 2.4GHz
              channel: 2
[2024-12-05 13:56:51] Applying configuration...
[2024-12-05 13:56:51] Network configuration successfully applied
[2024-12-05 13:56:51] Success..
[2024-12-05 13:56:51] Restarting NetworkManager...
[2024-12-05 13:58:36] Checking dependencies...
[2024-12-05 13:58:36] OK
[2024-12-05 13:58:36] Backing up netplan configuration...
[2024-12-05 13:58:36] OK
[2024-12-05 13:58:36] Ensuring directories...
[2024-12-05 13:58:36] OK
[2024-12-05 13:58:36] Stopping NetworkManager...
[2024-12-05 13:58:37] OK
[2024-12-05 13:58:37] Generating configuration...
[2024-12-05 13:58:37] Found WiFi interface: wlp2s0
[2024-12-05 13:58:37] Generated network configuration:
[2024-12-05 13:58:37]     network:
      renderer: NetworkManager
      wifis:
        wlp2s0:
          addresses:
            - 10.0.0.99/24
          access-points:
            wifi-direct:
              mode: adhoc
              band: 2.4GHz
              channel: 2
[2024-12-05 13:58:37] Applying configuration...
[2024-12-05 13:58:37] Network configuration successfully applied
[2024-12-05 13:58:37] Success..
[2024-12-05 13:58:37] Restarting NetworkManager...
[2024-12-05 13:58:52] Checking dependencies...
[2024-12-05 13:58:52] OK
[2024-12-05 13:58:52] Backing up netplan configuration...
[2024-12-05 13:58:52] OK
[2024-12-05 13:58:52] Ensuring directories...
[2024-12-05 13:58:52] OK
[2024-12-05 13:58:52] Stopping NetworkManager...
[2024-12-05 13:58:53] OK
[2024-12-05 13:58:53] Generating configuration...
[2024-12-05 13:58:53] Found WiFi interface: wlp2s0
[2024-12-05 13:58:53] Generated network configuration:
[2024-12-05 13:58:53]     network:
      renderer: NetworkManager
      wifis:
        wlp2s0:
          addresses:
            - 10.0.0.99/24
          access-points:
            wifi-direct:
              mode: adhoc
              band: 2.4GHz
              channel: 2
[2024-12-05 13:58:53] Applying configuration...
[2024-12-05 13:58:53] Network configuration successfully applied
[2024-12-05 13:58:53] Success..
[2024-12-05 13:58:53] Restarting NetworkManager...
[2024-12-05 14:00:44] Checking dependencies...
[2024-12-05 14:00:44] OK
[2024-12-05 14:00:44] Backing up netplan configuration...
[2024-12-05 14:00:44] OK
[2024-12-05 14:00:44] Ensuring directories...
[2024-12-05 14:00:44] OK
[2024-12-05 14:00:44] Stopping NetworkManager...
[2024-12-05 14:00:45] OK
[2024-12-05 14:00:45] Generating configuration...
[2024-12-05 14:00:45] Found WiFi interface: wlp2s0
[2024-12-05 14:00:45] Generated network configuration:
[2024-12-05 14:00:45]     network:
      renderer: networkd
      wifis:
        wlp2s0:
          addresses:
            - 10.0.0.99/24
          access-points:
            wifi-direct:
              mode: adhoc
              band: 2.4GHz
              channel: 1
[2024-12-05 14:00:45] Applying configuration...
[2024-12-05 14:00:45] Network configuration successfully applied
[2024-12-05 14:00:45] Success..
[2024-12-05 14:00:45] Restarting NetworkManager...
[2024-12-05 14:01:36] Checking dependencies...
[2024-12-05 14:01:36] OK
[2024-12-05 14:01:36] Backing up netplan configuration...
[2024-12-05 14:01:36] OK
[2024-12-05 14:01:36] Ensuring directories...
[2024-12-05 14:01:36] OK
[2024-12-05 14:01:36] Stopping NetworkManager...
[2024-12-05 14:01:36] OK
[2024-12-05 14:01:36] Generating configuration...
[2024-12-05 14:01:36] Found WiFi interface: wlp2s0
[2024-12-05 14:01:36] Generated network configuration:
[2024-12-05 14:01:36]     network:
      renderer: NetworkManager
      wifis:
        wlp2s0:
          addresses:
            - 10.0.0.99/24
          access-points:
            wifi-direct:
              mode: adhoc
              band: 2.4GHz
              channel: 1
[2024-12-05 14:01:36] Applying configuration...
[2024-12-05 14:01:36] Network configuration successfully applied
[2024-12-05 14:01:36] Success..
[2024-12-05 14:01:36] Restarting NetworkManager...
[2024-12-05 14:01:46] Checking dependencies...
[2024-12-05 14:01:46] OK
[2024-12-05 14:01:46] Backing up netplan configuration...
[2024-12-05 14:01:46] OK
[2024-12-05 14:01:46] Ensuring directories...
[2024-12-05 14:01:46] OK
[2024-12-05 14:01:46] Stopping NetworkManager...
[2024-12-05 14:01:46] OK
[2024-12-05 14:01:46] Generating configuration...
[2024-12-05 14:01:46] Found WiFi interface: wlp2s0
[2024-12-05 14:01:46] Generated network configuration:
[2024-12-05 14:01:46]     network:
      renderer: NetworkManager
      wifis:
        wlp2s0:
          addresses:
            - 10.0.0.99/24
          access-points:
            wifi-direct:
              mode: adhoc
              band: 2.4GHz
              channel: 1
[2024-12-05 14:01:46] Applying configuration...
[2024-12-05 14:01:47] Network configuration successfully applied
[2024-12-05 14:01:47] Success..
[2024-12-05 14:01:47] Restarting NetworkManager...
[2024-12-05 14:17:12] Checking dependencies...
[2024-12-05 14:17:12] OK
[2024-12-05 14:17:12] Backing up netplan configuration...
[2024-12-05 14:17:12] OK
[2024-12-05 14:17:12] Ensuring directories...
[2024-12-05 14:17:12] OK
[2024-12-05 14:17:12] Stopping NetworkManager...
[2024-12-05 14:17:12] OK
[2024-12-05 14:17:12] Generating configuration...
[2024-12-05 14:17:12] Found WiFi interface: wlp2s0
[2024-12-05 14:17:12] Generated network configuration:
[2024-12-05 14:17:12]     network:
      renderer: NetworkManager
      wifis:
        wlp2s0:
          addresses:
            - 10.0.0.99/24
          access-points:
            wifi-client:
              mode: infrastructure
[2024-12-05 14:17:12] Applying configuration...
[2024-12-05 14:17:13] Network configuration successfully applied
[2024-12-05 14:17:13] Success..
[2024-12-05 14:17:13] Restarting NetworkManager...
[2024-12-05 14:25:40] Checking dependencies...
[2024-12-05 14:25:40] OK
[2024-12-05 14:25:40] Backing up netplan configuration...
[2024-12-05 14:25:40] OK
[2024-12-05 14:25:40] Ensuring directories...
[2024-12-05 14:25:40] OK
[2024-12-05 14:25:40] Stopping NetworkManager...
[2024-12-05 14:25:40] OK
[2024-12-05 14:25:40] Configuring network...
[2024-12-05 14:25:40] Generating eth configuration...
[2024-12-05 14:25:40] Generated network configuration:
[2024-12-05 14:25:40]     network:
      renderer: NetworkManager
    
[2024-12-05 14:25:41] Netplan configuration successfully applied
[2024-12-05 14:25:41] OK
[2024-12-05 14:25:41] Success..
[2024-12-05 14:25:41] Restarting NetworkManager...
[2024-12-05 14:26:12] Checking dependencies...
[2024-12-05 14:26:12] OK
[2024-12-05 14:26:12] Backing up netplan configuration...
[2024-12-05 14:26:12] OK
[2024-12-05 14:26:12] Ensuring directories...
[2024-12-05 14:26:12] OK
[2024-12-05 14:26:12] Stopping NetworkManager...
[2024-12-05 14:26:12] OK
[2024-12-05 14:26:12] Configuring network...
[2024-12-05 14:26:12] Generating eth configuration...
[2024-12-05 14:26:12] Found ethernet interface: enx00e04c362e5f
[2024-12-05 14:26:12] Generated network configuration:
[2024-12-05 14:26:12]     network:
      renderer: NetworkManager
      ethernets:
        enx00e04c362e5f:
          dhcp4: true
          dhcp6: true
          addresses:
            - 10.0.0.99/24
          optional: true
[2024-12-05 14:26:13] Netplan configuration successfully applied
[2024-12-05 14:26:13] OK
[2024-12-05 14:26:13] Success..
[2024-12-05 14:26:13] Restarting NetworkManager...
[2024-12-05 14:27:30] Checking dependencies...
[2024-12-05 14:27:30] OK
[2024-12-05 14:27:30] Backing up netplan configuration...
[2024-12-05 14:27:30] OK
[2024-12-05 14:27:30] Ensuring directories...
[2024-12-05 14:27:30] OK
[2024-12-05 14:27:30] Stopping NetworkManager...
[2024-12-05 14:27:30] OK
[2024-12-05 14:27:30] Configuring network...
[2024-12-05 14:27:30] Generating eth configuration...
[2024-12-05 14:27:30] Found ethernet interface: enx00e04c362e5f
[2024-12-05 14:27:30] Generated network configuration:
[2024-12-05 14:27:30]     network:
      renderer: NetworkManager
      ethernets:
        enx00e04c362e5f:
          dhcp4: true
          dhcp6: true
          addresses:
            - 10.0.0.99/24
[2024-12-05 14:27:31] Netplan configuration successfully applied
[2024-12-05 14:27:31] OK
[2024-12-05 14:27:31] Success..
[2024-12-05 14:27:31] Restarting NetworkManager...
[2024-12-05 14:27:37] Checking dependencies...
[2024-12-05 14:27:37] OK
[2024-12-05 14:27:37] Backing up netplan configuration...
[2024-12-05 14:27:37] OK
[2024-12-05 14:27:37] Ensuring directories...
[2024-12-05 14:27:37] OK
[2024-12-05 14:27:37] Stopping NetworkManager...
[2024-12-05 14:27:37] OK
[2024-12-05 14:27:37] Configuring network...
[2024-12-05 14:27:37] Generating eth configuration...
[2024-12-05 14:27:37] Found ethernet interface: enx00e04c362e5f
[2024-12-05 14:27:37] Generated network configuration:
[2024-12-05 14:27:37]     network:
      renderer: NetworkManager
      ethernets:
        enx00e04c362e5f:
          dhcp4: true
          dhcp6: true
          addresses:
            - 10.0.0.99/24
[2024-12-05 14:27:38] Netplan configuration successfully applied
[2024-12-05 14:27:38] OK
[2024-12-05 14:27:38] Success..
[2024-12-05 14:27:38] Restarting NetworkManager...
[2024-12-05 14:29:28] Checking dependencies...
[2024-12-05 14:29:28] OK
[2024-12-05 14:29:28] Backing up netplan configuration...
[2024-12-05 14:29:28] OK
[2024-12-05 14:29:28] Ensuring directories...
[2024-12-05 14:29:28] OK
[2024-12-05 14:29:28] Stopping NetworkManager...
[2024-12-05 14:29:29] OK
[2024-12-05 14:29:29] Configuring network...
[2024-12-05 14:29:29] Generating eth configuration...
[2024-12-05 14:29:29] Found ethernet interface: enx00e04c362e5f
[2024-12-05 14:29:29] Generated network configuration:
[2024-12-05 14:29:29]     network:
      renderer: NetworkManager
      ethernets:
        enx00e04c362e5f:
          dhcp4: true
          dhcp6: true
          addresses:
            - 10.0.0.99/24
[2024-12-05 14:29:29] Netplan configuration successfully applied
[2024-12-05 14:29:29] OK
[2024-12-05 14:29:29] Success..
[2024-12-05 14:29:29] Restarting NetworkManager...
[2024-12-05 14:30:35] Checking dependencies...
[2024-12-05 14:30:35] OK
[2024-12-05 14:30:35] Backing up netplan configuration...
[2024-12-05 14:30:35] OK
[2024-12-05 14:30:35] Ensuring directories...
[2024-12-05 14:30:35] OK
[2024-12-05 14:30:35] Stopping NetworkManager...
[2024-12-05 14:30:36] OK
[2024-12-05 14:30:36] Configuring network...
[2024-12-05 14:30:36] Generating eth configuration...
[2024-12-05 14:30:36] Found ethernet interface: enx00e04c362e5f
[2024-12-05 14:30:36] Generated network configuration:
[2024-12-05 14:30:36]     network:
      renderer: NetworkManager
      ethernets:
        enx00e04c362e5f:
          dhcp4: true
          dhcp6: true
          addresses:
            - 10.0.0.99/24
          optional: true
[2024-12-05 14:30:36] Netplan configuration successfully applied
[2024-12-05 14:30:36] OK
[2024-12-05 14:30:36] Success..
[2024-12-05 14:30:36] Restarting NetworkManager...
[2024-12-05 14:34:07] Checking dependencies...
[2024-12-05 14:34:07] OK
[2024-12-05 14:34:07] Backing up netplan configuration...
[2024-12-05 14:34:07] OK
[2024-12-05 14:34:07] Ensuring directories...
[2024-12-05 14:34:07] OK
[2024-12-05 14:34:07] Stopping NetworkManager...
[2024-12-05 14:34:07] OK
[2024-12-05 14:34:07] Configuring network...
[2024-12-05 14:34:07] Generating eth configuration...
[2024-12-05 14:34:07] Found ethernet interface: enx00e04c362e5f
[2024-12-05 14:34:07] Generated network configuration:
[2024-12-05 14:34:07]     network:
      renderer: NetworkManager
      ethernets:
        enx00e04c362e5f:
          dhcp4: true
          dhcp6: true
          addresses:
            - 10.0.0.99/24
          optional: true
[2024-12-05 14:34:08] Netplan configuration successfully applied
[2024-12-05 14:34:08] Found WiFi interface: wlp2s0
[2024-12-05 14:34:08] WiFi Direct support detected
[2024-12-05 14:34:08] Wifi Direct success
[2024-12-05 14:34:08] OK
[2024-12-05 14:34:08] Success..
[2024-12-05 14:34:08] Restarting NetworkManager...
[2024-12-05 14:50:35] Checking dependencies...
[2024-12-05 14:50:35] OK
[2024-12-05 14:50:35] Backing up netplan configuration...
[2024-12-05 14:50:35] OK
[2024-12-05 14:50:35] Ensuring directories...
[2024-12-05 14:50:35] OK
[2024-12-05 14:50:35] Stopping NetworkManager...
[2024-12-05 14:50:35] OK
[2024-12-05 14:50:35] Configuring network...
[2024-12-05 14:50:35] Generating eth configuration...
[2024-12-05 14:50:35] Found ethernet interface: enx00e04c362e5f
[2024-12-05 14:50:35] Generated network configuration:
[2024-12-05 14:50:35]     network:
      renderer: NetworkManager
      ethernets:
        enx00e04c362e5f:
          dhcp4: true
          dhcp6: true
          addresses:
            - 10.0.0.99/24
          optional: true
[2024-12-05 14:50:36] Netplan configuration successfully applied
[2024-12-05 14:50:36] Found WiFi interface: wlp2s0
[2024-12-05 14:50:36] WiFi Direct support detected
[2024-12-05 14:50:36] wpa_supplicant failed to start within 30 seconds
[2024-12-05 14:50:36] Failed to configure WiFi Direct on wlp2s0
[2024-12-05 14:51:25] Lock file exists, another instance is running ?
[2024-12-05 14:52:48] Checking dependencies...
[2024-12-05 14:52:48] OK
[2024-12-05 14:52:48] Backing up netplan configuration...
[2024-12-05 14:52:48] OK
[2024-12-05 14:52:48] Ensuring directories...
[2024-12-05 14:52:48] OK
[2024-12-05 14:52:48] Stopping NetworkManager...
[2024-12-05 14:52:49] OK
[2024-12-05 14:52:49] Configuring network...
[2024-12-05 14:52:49] Generating eth configuration...
[2024-12-05 14:52:49] Found ethernet interface: enx00e04c362e5f
[2024-12-05 14:52:49] Generated network configuration:
[2024-12-05 14:52:49]     network:
      renderer: NetworkManager
      ethernets:
        enx00e04c362e5f:
          dhcp4: true
          dhcp6: true
          addresses:
            - 10.0.0.99/24
          optional: true
[2024-12-05 14:52:49] Netplan configuration successfully applied
[2024-12-05 14:52:49] Found WiFi interface: wlp2s0
[2024-12-05 14:52:49] WiFi Direct support detected
[2024-12-05 14:52:49] WiFi Direct configured successfully
[2024-12-05 14:52:49] OK
[2024-12-05 14:52:50] Success..
[2024-12-05 14:52:50] Restarting NetworkManager...
[2024-12-05 14:56:55] Checking dependencies...
[2024-12-05 14:56:55] OK
[2024-12-05 14:56:55] Backing up netplan configuration...
[2024-12-05 14:56:56] OK
[2024-12-05 14:56:56] Ensuring directories...
[2024-12-05 14:56:56] OK
[2024-12-05 14:56:56] Stopping NetworkManager...
[2024-12-05 14:56:56] OK
[2024-12-05 14:56:56] Configuring network...
[2024-12-05 14:56:56] Generating eth configuration...
[2024-12-05 14:56:56] Found ethernet interface: enx00e04c362e5f
[2024-12-05 14:56:56] Generated network configuration:
[2024-12-05 14:56:56]     network:
      renderer: NetworkManager
      ethernets:
        enx00e04c362e5f:
          dhcp4: true
          dhcp6: true
          addresses:
            - 10.0.0.99/24
          optional: true
[2024-12-05 14:56:56] Netplan configuration successfully applied
[2024-12-05 14:56:56] Found WiFi interface: wlp2s0
[2024-12-05 14:56:56] WiFi Direct support detected
[2024-12-05 14:56:56] wpa_supplicant failed to start within 30 seconds
[2024-12-05 14:57:06] Failed to configure network..
[2024-12-05 14:57:06] Restoring network configuration...
[2024-12-05 14:57:07] Restarting NetworkManager...
[2024-12-05 15:01:33] Checking dependencies...
[2024-12-05 15:01:33] OK
[2024-12-05 15:01:33] Backing up netplan configuration...
[2024-12-05 15:01:33] OK
[2024-12-05 15:01:33] Ensuring directories...
[2024-12-05 15:01:33] OK
[2024-12-05 15:01:33] Stopping NetworkManager...
[2024-12-05 15:01:34] OK
[2024-12-05 15:01:34] Configuring network...
[2024-12-05 15:01:34] Generating eth configuration...
[2024-12-05 15:01:34] Found ethernet interface: enx00e04c362e5f
[2024-12-05 15:01:34] Generated network configuration:
[2024-12-05 15:01:34]     network:
      renderer: NetworkManager
      ethernets:
        enx00e04c362e5f:
          dhcp4: true
          dhcp6: true
          addresses:
            - 10.0.0.99/24
          optional: true
[2024-12-05 15:01:34] Netplan configuration successfully applied
[2024-12-05 15:01:34] Found WiFi interface: wlp2s0
[2024-12-05 15:01:34] WiFi Direct support detected
[2024-12-05 15:01:34] WiFi Direct configured successfully
[2024-12-05 15:01:34] OK
[2024-12-05 15:01:34] Success..
[2024-12-05 15:01:34] Restarting NetworkManager...
[2024-12-05 15:02:28] Checking dependencies...
[2024-12-05 15:02:28] OK
[2024-12-05 15:02:28] Backing up netplan configuration...
[2024-12-05 15:02:28] OK
[2024-12-05 15:02:28] Ensuring directories...
[2024-12-05 15:02:28] OK
[2024-12-05 15:02:28] Stopping NetworkManager...
[2024-12-05 15:02:28] OK
[2024-12-05 15:02:28] Configuring network...
[2024-12-05 15:02:28] Generating eth configuration...
[2024-12-05 15:02:28] Found ethernet interface: enx00e04c362e5f
[2024-12-05 15:02:28] Generated network configuration:
[2024-12-05 15:02:28]     network:
      renderer: NetworkManager
      ethernets:
        enx00e04c362e5f:
          dhcp4: true
          dhcp6: true
          addresses:
            - 10.0.0.99/24
          optional: true
[2024-12-05 15:02:29] Netplan configuration successfully applied
[2024-12-05 15:02:29] Found WiFi interface: wlp2s0
[2024-12-05 15:02:29] WiFi Direct support detected
[2024-12-05 15:02:29] wpa_supplicant failed to start within 30 seconds
[2024-12-05 15:02:39] Failed to configure WiFi Direct on wlp2s0
[2024-12-05 15:14:57] Lock file exists, another instance is running ?
[2024-12-05 15:29:45] Lock file exists, another instance is running ?
[2024-12-05 15:30:11] Checking dependencies...
[2024-12-05 15:30:11] OK
[2024-12-05 15:30:11] Backing up netplan configuration...
[2024-12-05 15:30:11] OK
[2024-12-05 15:30:11] Ensuring directories...
[2024-12-05 15:30:11] OK
[2024-12-05 15:30:11] Stopping NetworkManager...
[2024-12-05 15:30:12] OK
[2024-12-05 15:30:12] Configuring network...
[2024-12-05 15:30:12] Generating eth configuration...
[2024-12-05 15:30:12] Found ethernet interface: enx00e04c362e5f
[2024-12-05 15:30:12] Generated network configuration:
[2024-12-05 15:30:12]     network:
      renderer: NetworkManager
      ethernets:
        enx00e04c362e5f:
          dhcp4: true
          dhcp6: true
          addresses:
            - 10.0.0.99/24
          optional: true
[2024-12-05 15:30:12] Netplan configuration successfully applied
[2024-12-05 15:30:12] OK
[2024-12-05 15:30:12] Success..
[2024-12-05 15:30:12] Restarting NetworkManager...
[2024-12-05 15:30:16] Checking dependencies...
[2024-12-05 15:30:16] OK
[2024-12-05 15:30:16] Backing up netplan configuration...
[2024-12-05 15:30:16] OK
[2024-12-05 15:30:16] Ensuring directories...
[2024-12-05 15:30:16] OK
[2024-12-05 15:30:16] Stopping NetworkManager...
[2024-12-05 15:30:16] OK
[2024-12-05 15:30:16] Configuring network...
[2024-12-05 15:30:16] Generating eth configuration...
[2024-12-05 15:30:16] Found ethernet interface: enx00e04c362e5f
[2024-12-05 15:30:16] Generated network configuration:
[2024-12-05 15:30:16]     network:
      renderer: NetworkManager
      ethernets:
        enx00e04c362e5f:
          dhcp4: true
          dhcp6: true
          addresses:
            - 10.0.0.99/24
          optional: true
[2024-12-05 15:30:17] Netplan configuration successfully applied
[2024-12-05 15:30:17] OK
[2024-12-05 15:30:17] Success..
[2024-12-05 15:30:17] Restarting NetworkManager...
[2024-12-05 15:30:26] Checking dependencies...
[2024-12-05 15:30:26] OK
[2024-12-05 15:30:26] Backing up netplan configuration...
[2024-12-05 15:30:26] OK
[2024-12-05 15:30:26] Ensuring directories...
[2024-12-05 15:30:26] OK
[2024-12-05 15:30:26] Stopping NetworkManager...
[2024-12-05 15:30:26] OK
[2024-12-05 15:30:26] Configuring network...
[2024-12-05 15:30:26] Generating eth configuration...
[2024-12-05 15:30:26] Found ethernet interface: enx00e04c362e5f
[2024-12-05 15:30:26] Generated network configuration:
[2024-12-05 15:30:26]     network:
      renderer: NetworkManager
      ethernets:
        enx00e04c362e5f:
          dhcp4: true
          dhcp6: true
          addresses:
            - 10.0.0.99/24
          optional: true
[2024-12-05 15:30:27] Netplan configuration successfully applied
[2024-12-05 15:30:27] OK
[2024-12-05 15:30:27] Failed to configure network..
[2024-12-05 15:30:27] Restoring network configuration...
[2024-12-05 15:30:28] Restarting NetworkManager...
[2024-12-05 15:30:31] Checking dependencies...
[2024-12-05 15:30:31] OK
[2024-12-05 15:30:31] Backing up netplan configuration...
[2024-12-05 15:30:31] OK
[2024-12-05 15:30:31] Ensuring directories...
[2024-12-05 15:30:31] OK
[2024-12-05 15:30:31] Stopping NetworkManager...
[2024-12-05 15:30:31] OK
[2024-12-05 15:30:31] Configuring network...
[2024-12-05 15:30:31] Generating eth configuration...
[2024-12-05 15:30:31] Found ethernet interface: enx00e04c362e5f
[2024-12-05 15:30:31] Generated network configuration:
[2024-12-05 15:30:31]     network:
      renderer: NetworkManager
      ethernets:
        enx00e04c362e5f:
          dhcp4: true
          dhcp6: true
          addresses:
            - 10.0.0.99/24
          optional: true
[2024-12-05 15:30:32] Netplan configuration successfully applied
[2024-12-05 15:30:32] OK
[2024-12-05 15:30:32] Failed to configure network..
[2024-12-05 15:30:32] Restoring network configuration...
[2024-12-05 15:30:33] Restarting NetworkManager...
[2024-12-05 15:37:09] Checking dependencies...
[2024-12-05 15:37:09] OK
[2024-12-05 15:37:09] Backing up netplan configuration...
[2024-12-05 15:37:09] OK
[2024-12-05 15:37:09] Ensuring directories...
[2024-12-05 15:37:09] OK
[2024-12-05 15:37:09] Stopping NetworkManager...
[2024-12-05 15:37:10] OK
[2024-12-05 15:37:10] Configuring network...
[2024-12-05 15:37:10] Generating eth configuration...
[2024-12-05 15:37:10] Found ethernet interface: enx00e04c362e5f
[2024-12-05 15:37:10] Generated network configuration:
[2024-12-05 15:37:10]     network:
      renderer: NetworkManager
      ethernets:
        enx00e04c362e5f:
          dhcp4: true
          dhcp6: true
          addresses:
            - 10.0.0.99/24
          optional: true
[2024-12-05 15:37:10] Netplan configuration successfully applied
[2024-12-05 15:37:10] OK
[2024-12-05 15:37:10] Success..
[2024-12-05 15:37:10] Restarting NetworkManager...
[2024-12-05 15:40:09] Checking dependencies...
[2024-12-05 15:40:09] OK
[2024-12-05 15:40:09] Backing up netplan configuration...
[2024-12-05 15:40:09] OK
[2024-12-05 15:40:09] Ensuring directories...
[2024-12-05 15:40:09] OK
[2024-12-05 15:40:09] Configuring network...
[2024-12-05 15:40:09] Generating eth configuration...
[2024-12-05 15:40:09] Found ethernet interface: enx00e04c362e5f
[2024-12-05 15:40:09] Generated network configuration:
[2024-12-05 15:40:09]     network:
      renderer: NetworkManager
      ethernets:
        enx00e04c362e5f:
          dhcp4: true
          dhcp6: true
          addresses:
            - 10.0.0.99/24
          optional: true
[2024-12-05 15:40:10] Netplan configuration successfully applied
[2024-12-05 15:40:10] OK
[2024-12-05 15:40:10] Success..
[2024-12-05 15:40:45] Checking dependencies...
[2024-12-05 15:40:45] OK
[2024-12-05 15:40:45] Backing up netplan configuration...
[2024-12-05 15:40:45] OK
[2024-12-05 15:40:45] Ensuring directories...
[2024-12-05 15:40:45] OK
[2024-12-05 15:40:45] Configuring network...
[2024-12-05 15:40:45] Generating eth configuration...
[2024-12-05 15:40:45] Generated network configuration:
[2024-12-05 15:40:45]     network:
      renderer: NetworkManager
    
[2024-12-05 15:40:45] Netplan configuration successfully applied
[2024-12-05 15:40:45] OK
[2024-12-05 15:40:45] Success..
[2024-12-05 15:43:29] Checking dependencies...
[2024-12-05 15:43:29] OK
[2024-12-05 15:43:29] Backing up netplan configuration...
[2024-12-05 15:43:29] OK
[2024-12-05 15:43:29] Ensuring directories...
[2024-12-05 15:43:29] OK
[2024-12-05 15:43:29] Configuring network...
[2024-12-05 15:43:29] Generating eth configuration...
[2024-12-05 15:43:29] Generated network configuration:
[2024-12-05 15:43:29]     network:
      renderer: NetworkManager
    
[2024-12-05 15:43:30] Netplan configuration successfully applied
[2024-12-05 15:43:30] OK
[2024-12-05 15:43:30] Success..
[2024-12-05 15:44:26] Checking dependencies...
[2024-12-05 15:44:26] OK
[2024-12-05 15:44:26] Backing up netplan configuration...
[2024-12-05 15:44:26] OK
[2024-12-05 15:44:26] Ensuring directories...
[2024-12-05 15:44:26] OK
[2024-12-05 15:44:26] Configuring network...
[2024-12-05 15:44:26] Generating eth configuration...
[2024-12-05 15:44:26] Found interfaces: 
[2024-12-05 15:44:26] Generated network configuration:
[2024-12-05 15:44:26]     network:
      renderer: NetworkManager
    
[2024-12-05 15:44:26] Netplan configuration successfully applied
[2024-12-05 15:44:26] OK
[2024-12-05 15:44:26] Success..
[2024-12-05 15:45:28] Checking dependencies...
[2024-12-05 15:45:28] OK
[2024-12-05 15:45:28] Backing up netplan configuration...
[2024-12-05 15:45:28] OK
[2024-12-05 15:45:28] Ensuring directories...
[2024-12-05 15:45:28] OK
[2024-12-05 15:45:28] Configuring network...
[2024-12-05 15:45:28] Generating eth configuration...
[2024-12-05 15:45:28] ASDSAD:network:\n  renderer: NetworkManager\n
[2024-12-05 15:45:28] Generated network configuration:
[2024-12-05 15:45:28]     network:
      renderer: NetworkManager
    
[2024-12-05 15:45:28] Netplan configuration successfully applied
[2024-12-05 15:45:28] OK
[2024-12-05 15:45:28] Success..
[2024-12-05 15:46:14] Checking dependencies...
[2024-12-05 15:46:14] OK
[2024-12-05 15:46:14] Backing up netplan configuration...
[2024-12-05 15:46:14] OK
[2024-12-05 15:46:14] Ensuring directories...
[2024-12-05 15:46:14] OK
[2024-12-05 15:46:14] Configuring network...
[2024-12-05 15:46:14] Generating eth configuration...
[2024-12-05 15:46:14] ASDSAD:
[2024-12-05 15:46:14] No network interfaces found
[2024-12-05 15:46:14] Failed to configure network..
[2024-12-05 15:46:14] Restoring network configuration...
[2024-12-05 15:46:47] Checking dependencies...
[2024-12-05 15:46:47] OK
[2024-12-05 15:46:47] Backing up netplan configuration...
[2024-12-05 15:46:47] OK
[2024-12-05 15:46:47] Ensuring directories...
[2024-12-05 15:46:47] OK
[2024-12-05 15:46:47] Configuring network...
[2024-12-05 15:46:47] Generating eth configuration...
[2024-12-05 15:46:47] No network interfaces found
[2024-12-05 15:46:47] Failed to configure network..
[2024-12-05 15:46:47] Restoring network configuration...
